<?xml version="1.0" encoding="UTF-8"?>
<!-- Generated by org.testng.reporters.JUnitReportReporter -->
<testsuite hostname="DESKTOP-SEL0MOP" name="runner.TestRunner" tests="1" failures="0" timestamp="10 Mar 2021 08:41:12 GMT" time="91.893" errors="0">
  <testcase name="feature" time="91.893" classname="runner.TestRunner"/>
</testsuite> <!-- runner.TestRunner -->
