<?xml version="1.0" encoding="UTF-8"?>
<!-- Generated by org.testng.reporters.JUnitReportReporter -->
<testsuite hostname="DESKTOP-SEL0MOP" name="runner.TestRunner" tests="1" failures="0" timestamp="10 Feb 2021 08:52:59 GMT" time="85.531" errors="0">
  <testcase name="feature" time="85.531" classname="runner.TestRunner"/>
</testsuite> <!-- runner.TestRunner -->
